  [1m[36m (2.8ms)[0m  [1mCREATE TABLE "schema_migrations" ("version" character varying(255) NOT NULL) [0m
  [1m[35m (1.6ms)[0m  CREATE UNIQUE INDEX "unique_schema_migrations" ON "schema_migrations" ("version")
  [1m[36mActiveRecord::SchemaMigration Load (0.4ms)[0m  [1mSELECT "schema_migrations".* FROM "schema_migrations"[0m
Migrating to CreateAssistances (20140314140228)
  [1m[35m (0.1ms)[0m  BEGIN
  [1m[36m (5.5ms)[0m  [1mCREATE TABLE "assistances" ("id" serial primary key, "country_id" integer, "program" text, "year" integer, "obligation" integer, "created_at" timestamp, "updated_at" timestamp) [0m
  [1m[35m (1.1ms)[0m  CREATE INDEX "index_assistances_on_country_id" ON "assistances" ("country_id")
  [1m[36mSQL (0.7ms)[0m  [1mINSERT INTO "schema_migrations" ("version") VALUES ($1)[0m  [["version", "20140314140228"]]
  [1m[35m (1.8ms)[0m  COMMIT
Migrating to CreateCountries (20140314140503)
  [1m[36m (0.4ms)[0m  [1mBEGIN[0m
  [1m[35m (6.1ms)[0m  CREATE TABLE "countries" ("id" serial primary key, "name" text, "created_at" timestamp, "updated_at" timestamp) 
  [1m[36mSQL (1.3ms)[0m  [1mINSERT INTO "schema_migrations" ("version") VALUES ($1)[0m  [["version", "20140314140503"]]
  [1m[35m (0.5ms)[0m  COMMIT
  [1m[36mActiveRecord::SchemaMigration Load (0.2ms)[0m  [1mSELECT "schema_migrations".* FROM "schema_migrations"[0m
  [1m[36m (114.2ms)[0m  [1mDROP DATABASE IF EXISTS "d3_visualizer_development"[0m
  [1m[35m (113.0ms)[0m  DROP DATABASE IF EXISTS "d3_visualizer_test"
  [1m[36m (230.3ms)[0m  [1mCREATE DATABASE "d3_visualizer_development" ENCODING = 'unicode'[0m
  [1m[35m (230.4ms)[0m  CREATE DATABASE "d3_visualizer_test" ENCODING = 'unicode'
  [1m[36mSQL (0.9ms)[0m  [1mCREATE EXTENSION IF NOT EXISTS "plpgsql"[0m
  [1m[35m (6.4ms)[0m  CREATE TABLE "assistances" ("id" serial primary key, "country_id" integer, "program" text, "year" integer, "obligation" integer, "created_at" timestamp, "updated_at" timestamp) 
  [1m[36m (1.0ms)[0m  [1mCREATE INDEX "index_assistances_on_country_id" ON "assistances" USING btree ("country_id")[0m
  [1m[35m (4.4ms)[0m  CREATE TABLE "countries" ("id" serial primary key, "name" text, "created_at" timestamp, "updated_at" timestamp) 
  [1m[36m (1.0ms)[0m  [1mCREATE TABLE "schema_migrations" ("version" character varying(255) NOT NULL) [0m
  [1m[35m (1.1ms)[0m  CREATE UNIQUE INDEX "unique_schema_migrations" ON "schema_migrations" ("version")
  [1m[36m (0.3ms)[0m  [1mSELECT version FROM "schema_migrations"[0m
  [1m[35m (0.4ms)[0m  INSERT INTO "schema_migrations" (version) VALUES ('20140314140503')
  [1m[36m (0.4ms)[0m  [1mINSERT INTO "schema_migrations" (version) VALUES ('20140314140228')[0m
  [1m[35mActiveRecord::SchemaMigration Load (0.2ms)[0m  SELECT "schema_migrations".* FROM "schema_migrations"
  [1m[36m (2.8ms)[0m  [1mCREATE TABLE "schema_migrations" ("version" character varying(255) NOT NULL) [0m
  [1m[35m (1.9ms)[0m  CREATE UNIQUE INDEX "unique_schema_migrations" ON "schema_migrations" ("version")
  [1m[36mActiveRecord::SchemaMigration Load (0.4ms)[0m  [1mSELECT "schema_migrations".* FROM "schema_migrations"[0m
Migrating to CreateAssistances (20140314140228)
  [1m[35m (0.1ms)[0m  BEGIN
  [1m[36m (7.1ms)[0m  [1mCREATE TABLE "assistances" ("id" serial primary key, "country_id" integer, "program" text, "type" text, "year" integer, "amount" integer, "created_at" timestamp, "updated_at" timestamp) [0m
  [1m[35m (0.9ms)[0m  CREATE INDEX "index_assistances_on_country_id" ON "assistances" ("country_id")
  [1m[36mSQL (0.7ms)[0m  [1mINSERT INTO "schema_migrations" ("version") VALUES ($1)[0m  [["version", "20140314140228"]]
  [1m[35m (0.6ms)[0m  COMMIT
Migrating to CreateCountries (20140314140503)
  [1m[36m (0.4ms)[0m  [1mBEGIN[0m
  [1m[35m (4.5ms)[0m  CREATE TABLE "countries" ("id" serial primary key, "name" text, "created_at" timestamp, "updated_at" timestamp) 
  [1m[36mSQL (0.3ms)[0m  [1mINSERT INTO "schema_migrations" ("version") VALUES ($1)[0m  [["version", "20140314140503"]]
  [1m[35m (0.5ms)[0m  COMMIT
  [1m[36mActiveRecord::SchemaMigration Load (0.2ms)[0m  [1mSELECT "schema_migrations".* FROM "schema_migrations"[0m
  [1m[36m (0.1ms)[0m  [1mBEGIN[0m
  [1m[35m (1.0ms)[0m  SAVEPOINT active_record_1
  [1m[36mSQL (5.4ms)[0m  [1mINSERT INTO "countries" ("created_at", "name", "updated_at") VALUES ($1, $2, $3) RETURNING "id"[0m  [["created_at", Fri, 14 Mar 2014 14:12:21 UTC +00:00], ["name", "Prescott"], ["updated_at", Fri, 14 Mar 2014 14:12:21 UTC +00:00]]
  [1m[35m (0.1ms)[0m  RELEASE SAVEPOINT active_record_1
  [1m[36mCountry Load (1.2ms)[0m  [1mSELECT "countries".* FROM "countries" ORDER BY "countries"."id" ASC LIMIT 1[0m
  [1m[35m (0.7ms)[0m  ROLLBACK
  [1m[36m (114.5ms)[0m  [1mDROP DATABASE IF EXISTS "d3_visualizer_development"[0m
  [1m[35m (114.2ms)[0m  DROP DATABASE IF EXISTS "d3_visualizer_test"
  [1m[36m (235.5ms)[0m  [1mCREATE DATABASE "d3_visualizer_development" ENCODING = 'unicode'[0m
  [1m[35m (234.4ms)[0m  CREATE DATABASE "d3_visualizer_test" ENCODING = 'unicode'
  [1m[36mSQL (0.9ms)[0m  [1mCREATE EXTENSION IF NOT EXISTS "plpgsql"[0m
  [1m[35m (8.1ms)[0m  CREATE TABLE "assistances" ("id" serial primary key, "country_id" integer, "program" text, "type" text, "year" integer, "amount" integer, "created_at" timestamp, "updated_at" timestamp) 
  [1m[36m (1.4ms)[0m  [1mCREATE INDEX "index_assistances_on_country_id" ON "assistances" USING btree ("country_id")[0m
  [1m[35m (5.4ms)[0m  CREATE TABLE "countries" ("id" serial primary key, "name" text, "created_at" timestamp, "updated_at" timestamp) 
  [1m[36m (1.3ms)[0m  [1mCREATE TABLE "schema_migrations" ("version" character varying(255) NOT NULL) [0m
  [1m[35m (1.4ms)[0m  CREATE UNIQUE INDEX "unique_schema_migrations" ON "schema_migrations" ("version")
  [1m[36m (0.4ms)[0m  [1mSELECT version FROM "schema_migrations"[0m
  [1m[35m (0.6ms)[0m  INSERT INTO "schema_migrations" (version) VALUES ('20140314140503')
  [1m[36m (0.5ms)[0m  [1mINSERT INTO "schema_migrations" (version) VALUES ('20140314140228')[0m
  [1m[35mActiveRecord::SchemaMigration Load (0.3ms)[0m  SELECT "schema_migrations".* FROM "schema_migrations"
  [1m[36m (2.8ms)[0m  [1mCREATE TABLE "schema_migrations" ("version" character varying(255) NOT NULL) [0m
  [1m[35m (1.5ms)[0m  CREATE UNIQUE INDEX "unique_schema_migrations" ON "schema_migrations" ("version")
  [1m[36mActiveRecord::SchemaMigration Load (0.3ms)[0m  [1mSELECT "schema_migrations".* FROM "schema_migrations"[0m
Migrating to CreateAssistances (20140314140228)
  [1m[35m (0.1ms)[0m  BEGIN
  [1m[36m (4.4ms)[0m  [1mCREATE TABLE "assistances" ("id" serial primary key, "country_id" integer, "program" text, "assist_type" text, "year" integer, "amount" integer, "created_at" timestamp, "updated_at" timestamp) [0m
  [1m[35m (0.9ms)[0m  CREATE INDEX "index_assistances_on_country_id" ON "assistances" ("country_id")
  [1m[36mSQL (0.6ms)[0m  [1mINSERT INTO "schema_migrations" ("version") VALUES ($1)[0m  [["version", "20140314140228"]]
  [1m[35m (0.4ms)[0m  COMMIT
Migrating to CreateCountries (20140314140503)
  [1m[36m (0.2ms)[0m  [1mBEGIN[0m
  [1m[35m (4.8ms)[0m  CREATE TABLE "countries" ("id" serial primary key, "name" text, "created_at" timestamp, "updated_at" timestamp) 
  [1m[36mSQL (0.2ms)[0m  [1mINSERT INTO "schema_migrations" ("version") VALUES ($1)[0m  [["version", "20140314140503"]]
  [1m[35m (0.4ms)[0m  COMMIT
  [1m[36mActiveRecord::SchemaMigration Load (0.2ms)[0m  [1mSELECT "schema_migrations".* FROM "schema_migrations"[0m
  [1m[36m (0.1ms)[0m  [1mBEGIN[0m
  [1m[35m (0.3ms)[0m  ROLLBACK
  [1m[36m (0.1ms)[0m  [1mBEGIN[0m
  [1m[35m (0.1ms)[0m  SAVEPOINT active_record_1
  [1m[36mSQL (3.3ms)[0m  [1mINSERT INTO "countries" ("created_at", "name", "updated_at") VALUES ($1, $2, $3) RETURNING "id"[0m  [["created_at", Fri, 14 Mar 2014 14:15:09 UTC +00:00], ["name", "Prescott"], ["updated_at", Fri, 14 Mar 2014 14:15:09 UTC +00:00]]
  [1m[35m (0.1ms)[0m  RELEASE SAVEPOINT active_record_1
  [1m[36m (0.1ms)[0m  [1mSAVEPOINT active_record_1[0m
  [1m[35mSQL (1.0ms)[0m  INSERT INTO "assistances" ("amount", "assist_type", "country_id", "created_at", "program", "updated_at", "year") VALUES ($1, $2, $3, $4, $5, $6, $7) RETURNING "id"  [["amount", 99999999999999], ["assist_type", "sexual"], ["country_id", 1], ["created_at", Fri, 14 Mar 2014 14:16:22 UTC +00:00], ["program", "Emilie"], ["updated_at", Fri, 14 Mar 2014 14:16:22 UTC +00:00], ["year", 2015]]
PG::NumericValueOutOfRange: ERROR:  value "99999999999999" is out of range for type integer
: INSERT INTO "assistances" ("amount", "assist_type", "country_id", "created_at", "program", "updated_at", "year") VALUES ($1, $2, $3, $4, $5, $6, $7) RETURNING "id"
  [1m[36m (0.6ms)[0m  [1mROLLBACK TO SAVEPOINT active_record_1[0m
  [1m[35m (0.2ms)[0m  SAVEPOINT active_record_1
  [1m[36mSQL (1.3ms)[0m  [1mINSERT INTO "assistances" ("amount", "assist_type", "country_id", "created_at", "program", "updated_at", "year") VALUES ($1, $2, $3, $4, $5, $6, $7) RETURNING "id"[0m  [["amount", 99999999], ["assist_type", "sexual"], ["country_id", 1], ["created_at", Fri, 14 Mar 2014 14:16:44 UTC +00:00], ["program", "Emilie"], ["updated_at", Fri, 14 Mar 2014 14:16:44 UTC +00:00], ["year", 2015]]
  [1m[35m (0.1ms)[0m  RELEASE SAVEPOINT active_record_1
  [1m[36mAssistance Load (1.3ms)[0m  [1mSELECT "assistances".* FROM "assistances" ORDER BY "assistances"."id" ASC LIMIT 1[0m
  [1m[35mAssistance Load (0.8ms)[0m  SELECT "assistances".* FROM "assistances" WHERE "assistances"."country_id" = $1  [["country_id", 1]]
  [1m[36m (0.4ms)[0m  [1mROLLBACK[0m
